[debug] [2024-02-29T11:41:23.915Z] ----------------------------------------------------------------------
[debug] [2024-02-29T11:41:23.916Z] Command:       C:\Program Files\nodejs\node.exe C:\Users\singh\AppData\Roaming\npm\node_modules\firebase-tools\lib\bin\firebase.js init hosting
[debug] [2024-02-29T11:41:23.916Z] CLI Version:   12.2.0
[debug] [2024-02-29T11:41:23.916Z] Platform:      win32
[debug] [2024-02-29T11:41:23.917Z] Node Version:  v18.17.1
[debug] [2024-02-29T11:41:23.917Z] Time:          Thu Feb 29 2024 17:11:23 GMT+0530 (India Standard Time)
[debug] [2024-02-29T11:41:23.917Z] ----------------------------------------------------------------------
[debug] 
[debug] [2024-02-29T11:41:23.922Z] > command requires scopes: ["email","openid","https://www.googleapis.com/auth/cloudplatformprojects.readonly","https://www.googleapis.com/auth/firebase","https://www.googleapis.com/auth/cloud-platform"]
[debug] [2024-02-29T11:41:23.923Z] > authorizing via signed-in user (gurswinder@gmail.com)
[info] 
     ######## #### ########  ######## ########     ###     ######  ########
     ##        ##  ##     ## ##       ##     ##  ##   ##  ##       ##
     ######    ##  ########  ######   ########  #########  ######  ######
     ##        ##  ##    ##  ##       ##     ## ##     ##       ## ##
     ##       #### ##     ## ######## ########  ##     ##  ######  ########

You're about to initialize a Firebase project in this directory:

  E:\Work\Learning\Coding Ninjas\React - CN\busy-buy

[info] 
=== Account Setup
[info] 
[info] Which account do you want to use for this project? Choose an account or add a new one now
[info] 
[debug] [2024-02-29T11:41:27.590Z] setProjectAccount(E:\Work\Learning\Coding Ninjas\React - CN\busy-buy, officialharkiratsingh@gmail.com)
[info] 
[info] +  Using account: officialharkiratsingh@gmail.com 
[info] 
=== Project Setup
[info] 
[info] First, let's associate this project directory with a Firebase project.
[info] You can create multiple project aliases by running firebase use --add, 
[info] but for now we'll just set up a default project.
[info] 
[debug] [2024-02-29T11:41:28.950Z] > refreshing access token with scopes: []
[debug] [2024-02-29T11:41:28.952Z] >>> [apiv2][query] POST https://www.googleapis.com/oauth2/v3/token [none]
[debug] [2024-02-29T11:41:28.952Z] >>> [apiv2][body] POST https://www.googleapis.com/oauth2/v3/token [omitted]
[debug] [2024-02-29T11:41:29.220Z] <<< [apiv2][status] POST https://www.googleapis.com/oauth2/v3/token 200
[debug] [2024-02-29T11:41:29.220Z] <<< [apiv2][body] POST https://www.googleapis.com/oauth2/v3/token [omitted]
[debug] [2024-02-29T11:41:29.235Z] >>> [apiv2][query] GET https://firebase.googleapis.com/v1beta1/projects pageSize=100
[debug] [2024-02-29T11:41:30.020Z] <<< [apiv2][status] GET https://firebase.googleapis.com/v1beta1/projects 200
[debug] [2024-02-29T11:41:30.020Z] <<< [apiv2][body] GET https://firebase.googleapis.com/v1beta1/projects [omitted]
[info] i  Using project busybuy-react (BusyBuy-React) 
[info] 
=== Hosting Setup
[info] 
[info] Your public directory is the folder (relative to your project directory) that
[info] will contain Hosting assets to be uploaded with firebase deploy. If you
[info] have a build process for your assets, use your build's output directory.
[info] 
